[2026-04-28 14:02:34] KIRIM_SEMUA tgl=2026-04-28/2026-04-28 total=0 ok=0 gagal=0 dilewati=0
[2026-04-28 14:02:35] ERROR no_rawat=2026/04/28/000177 tgl=2026-04-28 jam=13:11:07 Data tidak ditemukan
[2026-04-28 14:03:03] ERROR no_rawat=2026/04/28/000177 tgl=2026-04-28 jam=13:11:07 Data tidak ditemukan
[2026-04-28 14:03:14] ERROR no_rawat=2026/04/28/000103 tgl=2026-04-28 jam=09:00:37 Data tidak ditemukan
[2026-04-28 14:03:28] ERROR no_rawat=2026/04/26/000005 tgl=2026-04-26 jam=13:01:44 Data tidak ditemukan
[2026-04-28 14:03:28] ERROR no_rawat=2026/04/26/000005 tgl=2026-04-26 jam=09:27:44 Data tidak ditemukan
[2026-04-28 14:03:29] ERROR no_rawat=2026/04/26/000005 tgl=2026-04-27 jam=08:26:01 Data tidak ditemukan
[2026-04-28 14:03:31] ERROR no_rawat=2026/04/26/000005 tgl=2026-04-27 jam=14:00:01 Data tidak ditemukan
[2026-04-28 14:03:31] ERROR no_rawat=2026/04/26/000005 tgl=2026-04-27 jam=17:48:37 Data tidak ditemukan
[2026-04-28 14:03:32] ERROR no_rawat=2026/04/26/000005 tgl=2026-04-27 jam=20:00:01 Data tidak ditemukan
[2026-04-28 14:03:32] ERROR no_rawat=2026/04/26/000005 tgl=2026-04-28 jam=07:08:56 Data tidak ditemukan
[2026-04-28 14:03:33] ERROR no_rawat=2026/04/26/000005 tgl=2026-04-28 jam=14:01:00 Data tidak ditemukan
[2026-04-28 14:03:35] ERROR no_rawat=2026/04/26/000004 tgl=2026-04-27 jam=14:00:00 Data tidak ditemukan
[2026-04-28 14:03:35] ERROR no_rawat=2026/04/26/000004 tgl=2026-04-27 jam=08:00:00 Data tidak ditemukan
[2026-04-28 14:03:36] ERROR no_rawat=2026/04/26/000004 tgl=2026-04-26 jam=20:00:00 Data tidak ditemukan
[2026-04-28 14:03:36] ERROR no_rawat=2026/04/26/000004 tgl=2026-04-26 jam=14:00:00 Data tidak ditemukan
[2026-04-28 14:03:37] ERROR no_rawat=2026/04/26/000004 tgl=2026-04-27 jam=20:00:00 Data tidak ditemukan
[2026-04-28 14:03:37] ERROR no_rawat=2026/04/26/000004 tgl=2026-04-28 jam=08:00:00 Data tidak ditemukan
[2026-04-28 14:03:38] ERROR no_rawat=2026/04/26/000004 tgl=2026-04-28 jam=10:00:00 Data tidak ditemukan
[2026-04-28 14:03:53] SEND no_rawat=2026/04/26/000001 alergi=obat ? category=medication code=372687004
[2026-04-28 14:03:53] RESPONSE HTTP=201 BODY={"category":["medication"],"clinicalStatus":{"coding":[{"code":"active","display":"Active","system":"http://terminology.hl7.org/CodeSystem/allergyintolerance-clinical"}]},"code":{"coding":[{"code":"372687004","display":"Amide","system":"http://snomed.info/sct"}],"text":"obat ?"},"encounter":{"display":"Kunjungan CICI INDAH RISKA tgl 2026-04-26","reference":"Encounter/9993a544-8869-491f-89f3-d78d2312f3fe"},"id":"5d7c743e-8128-49f0-8f27-2edf57fcf119","identifier":[{"system":"http://sys-ids.kemkes.go.id/allergy/100026938","value":"2026/04/26/000001-20260426200000"}],"meta":{"lastUpdated":"2026-04-28T07:03:53.713062+00:00","versionId":"MTc3NzM1OTgzMzcxMzA2MjAwMA"},"patient":{"display":"CICI INDAH RISKA","reference":"Patient/P00557722288"},"recordedDate":"2026-04-26T20:00:00+07:00","recorder":{"display":"Riza Asmarita,Amd.Keb","reference":"Practitioner/10016192956"},"resourceType":"AllergyIntolerance","verificationStatus":{"coding":[{"code":"confirmed","display":"Confirmed","system":"http://terminology.hl7.org/CodeSystem/allergyintolerance-verification"}]}}
[2026-04-28 14:03:53] OK no_rawat=2026/04/26/000001 id_allergy=5d7c743e-8128-49f0-8f27-2edf57fcf119
[2026-04-28 14:03:55] SEND no_rawat=2026/04/26/000001 alergi=obat ? category=medication code=372687004
[2026-04-28 14:03:56] RESPONSE HTTP=201 BODY={"category":["medication"],"clinicalStatus":{"coding":[{"code":"active","display":"Active","system":"http://terminology.hl7.org/CodeSystem/allergyintolerance-clinical"}]},"code":{"coding":[{"code":"372687004","display":"Amide","system":"http://snomed.info/sct"}],"text":"obat ?"},"encounter":{"display":"Kunjungan CICI INDAH RISKA tgl 2026-04-27","reference":"Encounter/9993a544-8869-491f-89f3-d78d2312f3fe"},"id":"e5cc924c-ca1f-4ad1-8755-b43c50177763","identifier":[{"system":"http://sys-ids.kemkes.go.id/allergy/100026938","value":"2026/04/26/000001-20260427080000"}],"meta":{"lastUpdated":"2026-04-28T07:03:56.010894+00:00","versionId":"MTc3NzM1OTgzNjAxMDg5NDAwMA"},"patient":{"display":"CICI INDAH RISKA","reference":"Patient/P00557722288"},"recordedDate":"2026-04-27T08:00:00+07:00","recorder":{"display":"Bety Witriani,S.Kep","reference":"Practitioner/10017767231"},"resourceType":"AllergyIntolerance","verificationStatus":{"coding":[{"code":"confirmed","display":"Confirmed","system":"http://terminology.hl7.org/CodeSystem/allergyintolerance-verification"}]}}
[2026-04-28 14:03:56] OK no_rawat=2026/04/26/000001 id_allergy=e5cc924c-ca1f-4ad1-8755-b43c50177763
[2026-04-28 14:03:58] SEND no_rawat=2026/04/26/000001 alergi=obat ? category=medication code=372687004
[2026-04-28 14:03:58] RESPONSE HTTP=201 BODY={"category":["medication"],"clinicalStatus":{"coding":[{"code":"active","display":"Active","system":"http://terminology.hl7.org/CodeSystem/allergyintolerance-clinical"}]},"code":{"coding":[{"code":"372687004","display":"Amide","system":"http://snomed.info/sct"}],"text":"obat ?"},"encounter":{"display":"Kunjungan CICI INDAH RISKA tgl 2026-04-27","reference":"Encounter/9993a544-8869-491f-89f3-d78d2312f3fe"},"id":"b53cf1ab-e262-4578-aebd-76b7be34d75f","identifier":[{"system":"http://sys-ids.kemkes.go.id/allergy/100026938","value":"2026/04/26/000001-20260427140300"}],"meta":{"lastUpdated":"2026-04-28T07:03:58.343626+00:00","versionId":"MTc3NzM1OTgzODM0MzYyNjAwMA"},"patient":{"display":"CICI INDAH RISKA","reference":"Patient/P00557722288"},"recordedDate":"2026-04-27T14:03:00+07:00","recorder":{"display":"Sri Indah Mayasari, S. Keb","reference":"Practitioner/10013629603"},"resourceType":"AllergyIntolerance","verificationStatus":{"coding":[{"code":"confirmed","display":"Confirmed","system":"http://terminology.hl7.org/CodeSystem/allergyintolerance-verification"}]}}
[2026-04-28 14:03:58] OK no_rawat=2026/04/26/000001 id_allergy=b53cf1ab-e262-4578-aebd-76b7be34d75f
[2026-04-28 14:03:59] SEND no_rawat=2026/04/26/000001 alergi=obat ? category=medication code=372687004
[2026-04-28 14:03:59] RESPONSE HTTP=201 BODY={"category":["medication"],"clinicalStatus":{"coding":[{"code":"active","display":"Active","system":"http://terminology.hl7.org/CodeSystem/allergyintolerance-clinical"}]},"code":{"coding":[{"code":"372687004","display":"Amide","system":"http://snomed.info/sct"}],"text":"obat ?"},"encounter":{"display":"Kunjungan CICI INDAH RISKA tgl 2026-04-27","reference":"Encounter/9993a544-8869-491f-89f3-d78d2312f3fe"},"id":"4ebbdf72-bfdc-489c-a307-7d38c44f087e","identifier":[{"system":"http://sys-ids.kemkes.go.id/allergy/100026938","value":"2026/04/26/000001-20260427174659"}],"meta":{"lastUpdated":"2026-04-28T07:03:59.296784+00:00","versionId":"MTc3NzM1OTgzOTI5Njc4NDAwMA"},"patient":{"display":"CICI INDAH RISKA","reference":"Patient/P00557722288"},"recordedDate":"2026-04-27T17:46:59+07:00","recorder":{"display":"dr. H. M. Fachrul Rozi Lubis, Sp.OG","reference":"Practitioner/10003713561"},"resourceType":"AllergyIntolerance","verificationStatus":{"coding":[{"code":"confirmed","display":"Confirmed","system":"http://terminology.hl7.org/CodeSystem/allergyintolerance-verification"}]}}
[2026-04-28 14:03:59] OK no_rawat=2026/04/26/000001 id_allergy=4ebbdf72-bfdc-489c-a307-7d38c44f087e
[2026-04-28 14:04:01] SEND no_rawat=2026/04/26/000001 alergi=obat ? category=medication code=372687004
[2026-04-28 14:04:01] RESPONSE HTTP=201 BODY={"category":["medication"],"clinicalStatus":{"coding":[{"code":"active","display":"Active","system":"http://terminology.hl7.org/CodeSystem/allergyintolerance-clinical"}]},"code":{"coding":[{"code":"372687004","display":"Amide","system":"http://snomed.info/sct"}],"text":"obat ?"},"encounter":{"display":"Kunjungan CICI INDAH RISKA tgl 2026-04-27","reference":"Encounter/9993a544-8869-491f-89f3-d78d2312f3fe"},"id":"c685dc87-ff9e-4d64-bbbf-4a1332a8280a","identifier":[{"system":"http://sys-ids.kemkes.go.id/allergy/100026938","value":"2026/04/26/000001-20260427200000"}],"meta":{"lastUpdated":"2026-04-28T07:04:01.450137+00:00","versionId":"MTc3NzM1OTg0MTQ1MDEzNzAwMA"},"patient":{"display":"CICI INDAH RISKA","reference":"Patient/P00557722288"},"recordedDate":"2026-04-27T20:00:00+07:00","recorder":{"display":"Ns. Tara Apriyani, S.Kep","reference":"Practitioner/12870284427"},"resourceType":"AllergyIntolerance","verificationStatus":{"coding":[{"code":"confirmed","display":"Confirmed","system":"http://terminology.hl7.org/CodeSystem/allergyintolerance-verification"}]}}
[2026-04-28 14:04:01] OK no_rawat=2026/04/26/000001 id_allergy=c685dc87-ff9e-4d64-bbbf-4a1332a8280a
[2026-04-28 14:04:02] SEND no_rawat=2026/04/26/000001 alergi=obat ? category=medication code=372687004
[2026-04-28 14:04:02] RESPONSE HTTP=201 BODY={"category":["medication"],"clinicalStatus":{"coding":[{"code":"active","display":"Active","system":"http://terminology.hl7.org/CodeSystem/allergyintolerance-clinical"}]},"code":{"coding":[{"code":"372687004","display":"Amide","system":"http://snomed.info/sct"}],"text":"obat ?"},"encounter":{"display":"Kunjungan CICI INDAH RISKA tgl 2026-04-28","reference":"Encounter/9993a544-8869-491f-89f3-d78d2312f3fe"},"id":"289545f8-45cd-4a25-a1ff-4aa80b8196ce","identifier":[{"system":"http://sys-ids.kemkes.go.id/allergy/100026938","value":"2026/04/26/000001-20260428080000"}],"meta":{"lastUpdated":"2026-04-28T07:04:02.917942+00:00","versionId":"MTc3NzM1OTg0MjkxNzk0MjAwMA"},"patient":{"display":"CICI INDAH RISKA","reference":"Patient/P00557722288"},"recordedDate":"2026-04-28T08:00:00+07:00","recorder":{"display":"Bety Witriani,S.Kep","reference":"Practitioner/10017767231"},"resourceType":"AllergyIntolerance","verificationStatus":{"coding":[{"code":"confirmed","display":"Confirmed","system":"http://terminology.hl7.org/CodeSystem/allergyintolerance-verification"}]}}
[2026-04-28 14:04:02] OK no_rawat=2026/04/26/000001 id_allergy=289545f8-45cd-4a25-a1ff-4aa80b8196ce
[2026-04-28 14:04:04] SEND no_rawat=2026/04/26/000001 alergi=obat ? category=medication code=372687004
[2026-04-28 14:04:04] RESPONSE HTTP=201 BODY={"category":["medication"],"clinicalStatus":{"coding":[{"code":"active","display":"Active","system":"http://terminology.hl7.org/CodeSystem/allergyintolerance-clinical"}]},"code":{"coding":[{"code":"372687004","display":"Amide","system":"http://snomed.info/sct"}],"text":"obat ?"},"encounter":{"display":"Kunjungan CICI INDAH RISKA tgl 2026-04-28","reference":"Encounter/9993a544-8869-491f-89f3-d78d2312f3fe"},"id":"b68abe4f-7722-40b6-a214-2080baee6f99","identifier":[{"system":"http://sys-ids.kemkes.go.id/allergy/100026938","value":"2026/04/26/000001-20260428140000"}],"meta":{"lastUpdated":"2026-04-28T07:04:04.676852+00:00","versionId":"MTc3NzM1OTg0NDY3Njg1MjAwMA"},"patient":{"display":"CICI INDAH RISKA","reference":"Patient/P00557722288"},"recordedDate":"2026-04-28T14:00:00+07:00","recorder":{"display":"Ns. Tara Apriyani, S.Kep","reference":"Practitioner/12870284427"},"resourceType":"AllergyIntolerance","verificationStatus":{"coding":[{"code":"confirmed","display":"Confirmed","system":"http://terminology.hl7.org/CodeSystem/allergyintolerance-verification"}]}}
[2026-04-28 14:04:04] OK no_rawat=2026/04/26/000001 id_allergy=b68abe4f-7722-40b6-a214-2080baee6f99
[2026-04-28 14:04:05] ERROR no_rawat=2026/04/25/000139 tgl=2026-04-25 jam=20:00:00 Data tidak ditemukan
[2026-04-28 14:04:07] ERROR no_rawat=2026/04/25/000139 tgl=2026-04-26 jam=08:01:00 Data tidak ditemukan
[2026-04-28 14:04:08] ERROR no_rawat=2026/04/25/000139 tgl=2026-04-26 jam=08:01:00 Data tidak ditemukan
[2026-04-28 14:04:09] ERROR no_rawat=2026/04/25/000139 tgl=2026-04-26 jam=14:00:00 Data tidak ditemukan
[2026-04-28 14:04:10] ERROR no_rawat=2026/04/25/000139 tgl=2026-04-26 jam=20:00:00 Data tidak ditemukan
[2026-04-28 14:04:12] ERROR no_rawat=2026/04/25/000139 tgl=2026-04-27 jam=08:00:00 Data tidak ditemukan
[2026-04-28 14:04:13] ERROR no_rawat=2026/04/25/000139 tgl=2026-04-27 jam=14:00:00 Data tidak ditemukan
[2026-04-28 14:04:15] ERROR no_rawat=2026/04/25/000139 tgl=2026-04-27 jam=15:57:04 Data tidak ditemukan
[2026-04-28 14:04:17] ERROR no_rawat=2026/04/25/000139 tgl=2026-04-27 jam=20:00:00 Data tidak ditemukan
[2026-04-28 14:04:17] ERROR no_rawat=2026/04/25/000139 tgl=2026-04-28 jam=08:00:00 Data tidak ditemukan
[2026-04-28 14:04:18] ERROR no_rawat=2026/04/25/000139 tgl=2026-04-28 jam=08:31:00 Data tidak ditemukan
[2026-04-28 14:04:20] ERROR no_rawat=2026/04/25/000139 tgl=2026-04-28 jam=14:00:00 Data tidak ditemukan
[2026-04-28 14:04:22] ERROR no_rawat=2026/04/25/000096 tgl=2026-04-25 jam=14:36:21 Data tidak ditemukan
[2026-04-28 14:04:27] ERROR no_rawat=2026/04/25/000068 IHS pasien kosong nm=BAYI NYONYA LENI
[2026-04-28 14:04:31] ERROR no_rawat=2026/04/25/000062 tgl=2026-04-25 jam=06:00:23 Data tidak ditemukan
[2026-04-28 14:04:32] ERROR no_rawat=2026/04/25/000062 tgl=2026-04-25 jam=14:00:00 Data tidak ditemukan
[2026-04-28 14:04:33] ERROR no_rawat=2026/04/25/000062 tgl=2026-04-25 jam=20:00:00 Data tidak ditemukan
[2026-04-28 14:04:33] ERROR no_rawat=2026/04/25/000062 tgl=2026-04-26 jam=08:00:00 Data tidak ditemukan
[2026-04-28 14:04:35] ERROR no_rawat=2026/04/25/000062 tgl=2026-04-26 jam=09:00:00 Data tidak ditemukan
[2026-04-28 14:04:36] ERROR no_rawat=2026/04/24/000221 tgl=2026-04-24 jam=19:16:00 Data tidak ditemukan
[2026-04-28 14:04:37] ERROR no_rawat=2026/04/24/000221 tgl=2026-04-24 jam=19:46:00 Data tidak ditemukan
[2026-04-28 14:04:38] ERROR no_rawat=2026/04/24/000221 tgl=2026-04-24 jam=20:00:00 Data tidak ditemukan
[2026-04-28 14:04:39] ERROR no_rawat=2026/04/24/000221 tgl=2026-04-25 jam=08:01:00 Data tidak ditemukan
[2026-04-28 14:04:40] ERROR no_rawat=2026/04/24/000221 tgl=2026-04-25 jam=14:00:00 Data tidak ditemukan
[2026-04-28 14:04:41] ERROR no_rawat=2026/04/24/000221 tgl=2026-04-25 jam=20:00:00 Data tidak ditemukan
[2026-04-28 14:04:42] ERROR no_rawat=2026/04/24/000221 tgl=2026-04-26 jam=08:00:00 Data tidak ditemukan
[2026-04-28 14:04:42] ERROR no_rawat=2026/04/24/000221 tgl=2026-04-26 jam=08:20:15 Data tidak ditemukan
[2026-04-28 14:04:43] ERROR no_rawat=2026/04/24/000221 tgl=2026-04-26 jam=14:00:00 Data tidak ditemukan
[2026-04-28 14:04:44] ERROR no_rawat=2026/04/24/000221 tgl=2026-04-27 jam=14:00:00 Data tidak ditemukan
[2026-04-28 14:04:45] ERROR no_rawat=2026/04/24/000221 tgl=2026-04-27 jam=08:00:00 Data tidak ditemukan
[2026-04-28 14:04:45] ERROR no_rawat=2026/04/24/000221 tgl=2026-04-26 jam=20:00:00 Data tidak ditemukan
[2026-04-28 14:04:46] ERROR no_rawat=2026/04/24/000221 tgl=2026-04-26 jam=14:44:01 Data tidak ditemukan
[2026-04-28 14:04:47] ERROR no_rawat=2026/04/24/000221 tgl=2026-04-27 jam=15:50:26 Data tidak ditemukan
[2026-04-28 14:04:48] ERROR no_rawat=2026/04/24/000221 tgl=2026-04-27 jam=17:15:00 Data tidak ditemukan
[2026-04-28 14:04:53] ERROR no_rawat=2026/04/24/000221 tgl=2026-04-27 jam=20:00:00 Data tidak ditemukan
[2026-04-28 14:04:54] ERROR no_rawat=2026/04/24/000221 tgl=2026-04-28 jam=08:00:00 Data tidak ditemukan
[2026-04-28 14:04:54] ERROR no_rawat=2026/04/24/000221 tgl=2026-04-28 jam=14:00:00 Data tidak ditemukan
[2026-04-28 14:04:55] ERROR no_rawat=2026/04/24/000213 tgl=2026-04-23 jam=19:50:59 Data tidak ditemukan
[2026-04-28 14:04:57] ERROR no_rawat=2026/04/24/000213 tgl=2026-04-25 jam=08:00:17 Data tidak ditemukan
[2026-04-28 14:04:58] ERROR no_rawat=2026/04/24/000213 tgl=2026-04-25 jam=14:00:00 Data tidak ditemukan
[2026-04-28 14:05:13] KIRIM_SEMUA tgl=2026-04-28/2026-04-28 total=0 ok=0 gagal=0 dilewati=0
[2026-04-28 17:08:40] ERROR no_rawat=2026/04/28/000177 tgl=2026-04-28 jam=13:11:07 Data tidak ditemukan
[2026-04-28 17:08:46] KIRIM_SEMUA tgl=2026-04-28/2026-04-28 total=10 ok=0 gagal=0 dilewati=10
[2026-04-28 17:27:42] KIRIM_SEMUA tgl=2026-04-28/2026-04-28 total=20 ok=0 gagal=0 dilewati=20
[2026-04-28 17:27:46] ERROR no_rawat=2026/04/28/000216 tgl=2026-04-28 jam=17:25:24 Data tidak ditemukan
[2026-04-28 17:27:47] ERROR no_rawat=2026/04/28/000199 tgl=2026-04-28 jam=15:11:15 Data tidak ditemukan
