[2026-04-28 17:07:37] SEND no_rawat=2026/04/19/000013 tanggal=2026-04-20 15:39:27 instruksi=Diberikan Diet Lambung
[2026-04-28 17:07:37] RESPONSE HTTP=201 BODY={"author":[{"display":"Hasnarianti Ramadhani, S.Tr.Gz","reference":"Practitioner/10016973578"}],"category":[{"coding":[{"code":"LP173421-1","display":"Report","system":"http://loinc.org"}]}],"custodian":{"reference":"Organization/100026938"},"date":"2026-04-20T15:39:27+07:00","encounter":{"display":
[2026-04-28 17:07:37] OK no_rawat=2026/04/19/000013 tanggal=2026-04-20 15:39:27 id_diet=55eb7958-fa1d-4b6d-80fd-c326c84538f0
[2026-04-28 17:07:39] ERROR no_rawat=2026/04/20/000071 tanggal=2026-04-21 15:38:46 Data tidak ditemukan
[2026-04-28 17:07:48] ERROR no_rawat=2026/04/02/000157 tanggal=2026-04-04 11:43:49 Data tidak ditemukan
[2026-04-28 17:07:54] KIRIM_SEMUA tgl=2026-03-31/2026-04-28 total=0 ok=0 gagal=0
[2026-04-28 17:14:13] SEND no_rawat=2026/03/30/000177 tanggal=2026-03-31 15:06:25 instruksi=Diberikan Diet Lambung
[2026-04-28 17:14:13] RESPONSE HTTP=201 BODY={"author":[{"display":"Hasnarianti Ramadhani, S.Tr.Gz","reference":"Practitioner/10016973578"}],"category":[{"coding":[{"code":"LP173421-1","display":"Report","system":"http://loinc.org"}]}],"custodian":{"reference":"Organization/100026938"},"date":"2026-03-31T15:06:25+07:00","encounter":{"display":
[2026-04-28 17:14:13] OK no_rawat=2026/03/30/000177 tanggal=2026-03-31 15:06:25 id_diet=4ebe61e4-8e45-4366-80d8-fd64d8ee88c9
[2026-04-28 17:14:19] WARN no_rawat=2026/03/26/000248 IHS kosong untuk EKA WAHYUNINGSIH, mencoba auto-sync...
[2026-04-28 17:14:19] OK auto-sync IHS no_rkm=114071 ihs=P01069619357
[2026-04-28 17:14:20] SEND no_rawat=2026/03/26/000248 tanggal=2026-03-27 12:47:52 instruksi=Diberikan Diet DM
[2026-04-28 17:14:20] RESPONSE HTTP=201 BODY={"author":[{"display":"Hasnarianti Ramadhani, S.Tr.Gz","reference":"Practitioner/10016973578"}],"category":[{"coding":[{"code":"LP173421-1","display":"Report","system":"http://loinc.org"}]}],"custodian":{"reference":"Organization/100026938"},"date":"2026-03-27T12:47:52+07:00","encounter":{"display":
[2026-04-28 17:14:20] OK no_rawat=2026/03/26/000248 tanggal=2026-03-27 12:47:52 id_diet=1ab77e31-ad5c-46e6-a856-917d16ecdce2
[2026-04-28 17:14:21] ERROR no_rawat=2026/03/25/000104 tanggal=2026-03-25 15:45:11 Data tidak ditemukan
[2026-04-28 17:14:22] WARN no_rawat=2026/03/30/000232 IHS kosong untuk FATCHUL HIDAYAH, mencoba auto-sync...
[2026-04-28 17:14:23] OK auto-sync IHS no_rkm=108563 ihs=P00188206022
[2026-04-28 17:14:23] SEND no_rawat=2026/03/30/000232 tanggal=2026-03-31 14:52:10 instruksi=Diberikan Diet Lambung RG
[2026-04-28 17:14:23] RESPONSE HTTP=201 BODY={"author":[{"display":"Hasnarianti Ramadhani, S.Tr.Gz","reference":"Practitioner/10016973578"}],"category":[{"coding":[{"code":"LP173421-1","display":"Report","system":"http://loinc.org"}]}],"custodian":{"reference":"Organization/100026938"},"date":"2026-03-31T14:52:10+07:00","encounter":{"display":
[2026-04-28 17:14:23] OK no_rawat=2026/03/30/000232 tanggal=2026-03-31 14:52:10 id_diet=8b1c1099-0cd8-4f6b-826d-1dbc677b7f9d
[2026-04-28 17:14:24] ERROR no_rawat=2026/03/27/000177 tanggal=2026-03-30 14:00:38 Data tidak ditemukan
[2026-04-28 17:14:28] ERROR no_rawat=2026/03/24/000036 tanggal=2026-03-26 12:52:38 Data tidak ditemukan
[2026-04-28 17:14:29] ERROR no_rawat=2026/03/24/000078 tanggal=2026-03-25 14:35:41 Data tidak ditemukan
[2026-04-28 17:14:31] SEND no_rawat=2026/03/22/000036 tanggal=2026-03-23 12:36:11 instruksi=Diberikan diet MB TKTP
[2026-04-28 17:14:31] RESPONSE HTTP=201 BODY={"author":[{"display":"Hasnarianti Ramadhani, S.Tr.Gz","reference":"Practitioner/10016973578"}],"category":[{"coding":[{"code":"LP173421-1","display":"Report","system":"http://loinc.org"}]}],"custodian":{"reference":"Organization/100026938"},"date":"2026-03-23T12:36:11+07:00","encounter":{"display":
[2026-04-28 17:14:31] OK no_rawat=2026/03/22/000036 tanggal=2026-03-23 12:36:11 id_diet=a85d0ef8-cd86-422a-8bbe-da3f5887935f
[2026-04-28 17:14:33] ERROR no_rawat=2026/03/16/000155 tanggal=2026-03-18 11:13:08 Data tidak ditemukan
[2026-04-28 17:14:34] ERROR no_rawat=2026/03/16/000101 tanggal=2026-03-17 12:22:50 Data tidak ditemukan
[2026-04-28 17:14:34] ERROR no_rawat=2026/03/14/000051 tanggal=2026-03-16 12:13:40 Data tidak ditemukan
[2026-04-28 17:14:36] ERROR no_rawat=2026/03/13/000198 tanggal=2026-03-14 11:43:49 Data tidak ditemukan
[2026-04-28 17:14:38] WARN no_rawat=2026/03/12/000168 IHS kosong untuk DARYATI, mencoba auto-sync...
[2026-04-28 17:14:38] OK auto-sync IHS no_rkm=113643 ihs=P00730407064
[2026-04-28 17:14:38] SEND no_rawat=2026/03/12/000168 tanggal=2026-03-13 11:58:04 instruksi=Diberikan Diet ML RG Rendah purin
[2026-04-28 17:14:39] RESPONSE HTTP=201 BODY={"author":[{"display":"Hasnarianti Ramadhani, S.Tr.Gz","reference":"Practitioner/10016973578"}],"category":[{"coding":[{"code":"LP173421-1","display":"Report","system":"http://loinc.org"}]}],"custodian":{"reference":"Organization/100026938"},"date":"2026-03-13T11:58:04+07:00","encounter":{"display":
[2026-04-28 17:14:39] OK no_rawat=2026/03/12/000168 tanggal=2026-03-13 11:58:04 id_diet=69d947da-0165-4e86-be29-2bf71395794a
[2026-04-28 17:14:40] WARN no_rawat=2026/03/10/000183 IHS kosong untuk SYAPARUDIN, mencoba auto-sync...
[2026-04-28 17:14:40] OK auto-sync IHS no_rkm=113567 ihs=P01454910189
[2026-04-28 17:14:41] SEND no_rawat=2026/03/10/000183 tanggal=2026-03-12 12:09:36 instruksi=Diberikan diet ML
[2026-04-28 17:14:41] RESPONSE HTTP=201 BODY={"author":[{"display":"Hasnarianti Ramadhani, S.Tr.Gz","reference":"Practitioner/10016973578"}],"category":[{"coding":[{"code":"LP173421-1","display":"Report","system":"http://loinc.org"}]}],"custodian":{"reference":"Organization/100026938"},"date":"2026-03-12T12:09:36+07:00","encounter":{"display":
[2026-04-28 17:14:41] OK no_rawat=2026/03/10/000183 tanggal=2026-03-12 12:09:36 id_diet=b8fe778f-31a7-42e1-b5e2-d6c86da640f5
[2026-04-28 17:14:42] WARN no_rawat=2026/03/09/000172 IHS kosong untuk JURIYAH, mencoba auto-sync...
[2026-04-28 17:14:42] OK auto-sync IHS no_rkm=113526 ihs=P00703193128
[2026-04-28 17:14:42] SEND no_rawat=2026/03/09/000172 tanggal=2026-03-11 11:41:38 instruksi=Diberikan Diet MB TKTP
[2026-04-28 17:14:42] RESPONSE HTTP=201 BODY={"author":[{"display":"Hasnarianti Ramadhani, S.Tr.Gz","reference":"Practitioner/10016973578"}],"category":[{"coding":[{"code":"LP173421-1","display":"Report","system":"http://loinc.org"}]}],"custodian":{"reference":"Organization/100026938"},"date":"2026-03-11T11:41:38+07:00","encounter":{"display":
[2026-04-28 17:14:42] OK no_rawat=2026/03/09/000172 tanggal=2026-03-11 11:41:38 id_diet=ed8bf3d4-bd0e-429c-9f7d-0ccfaaf20041
[2026-04-28 17:14:44] WARN no_rawat=2026/03/09/000184 IHS kosong untuk M. ZAKI DESMAN, mencoba auto-sync...
[2026-04-28 17:14:44] OK auto-sync IHS no_rkm=113538 ihs=P02189247489
[2026-04-28 17:14:44] SEND no_rawat=2026/03/09/000184 tanggal=2026-03-10 12:00:57 instruksi=Diberikan diet Lambung rendah serat
[2026-04-28 17:14:44] RESPONSE HTTP=201 BODY={"author":[{"display":"Hasnarianti Ramadhani, S.Tr.Gz","reference":"Practitioner/10016973578"}],"category":[{"coding":[{"code":"LP173421-1","display":"Report","system":"http://loinc.org"}]}],"custodian":{"reference":"Organization/100026938"},"date":"2026-03-10T12:00:57+07:00","encounter":{"display":
[2026-04-28 17:14:44] OK no_rawat=2026/03/09/000184 tanggal=2026-03-10 12:00:57 id_diet=901f3cfc-1d30-4256-a7c1-0ad17ca05c9c
[2026-04-28 17:14:45] WARN no_rawat=2026/03/09/000149 IHS kosong untuk LUSIANA RINDA SARI, mencoba auto-sync...
[2026-04-28 17:14:45] OK auto-sync IHS no_rkm=113519 ihs=P00647094595
[2026-04-28 17:14:45] SEND no_rawat=2026/03/09/000149 tanggal=2026-03-10 11:33:38 instruksi=Diberikan diet MB TKTP
[2026-04-28 17:14:46] RESPONSE HTTP=201 BODY={"author":[{"display":"Hasnarianti Ramadhani, S.Tr.Gz","reference":"Practitioner/10016973578"}],"category":[{"coding":[{"code":"LP173421-1","display":"Report","system":"http://loinc.org"}]}],"custodian":{"reference":"Organization/100026938"},"date":"2026-03-10T11:33:38+07:00","encounter":{"display":
[2026-04-28 17:14:46] OK no_rawat=2026/03/09/000149 tanggal=2026-03-10 11:33:38 id_diet=18b80490-7a57-4cf9-9fd8-52d0538f0e9f
[2026-04-28 17:14:46] WARN no_rawat=2026/03/07/000114 IHS kosong untuk HENDRA YUDICA, mencoba auto-sync...
[2026-04-28 17:14:47] OK auto-sync IHS no_rkm=113451 ihs=P00010297253
[2026-04-28 17:14:47] SEND no_rawat=2026/03/07/000114 tanggal=2026-03-09 15:14:23 instruksi=Diberikan diet lambung
[2026-04-28 17:14:47] RESPONSE HTTP=201 BODY={"author":[{"display":"Hasnarianti Ramadhani, S.Tr.Gz","reference":"Practitioner/10016973578"}],"category":[{"coding":[{"code":"LP173421-1","display":"Report","system":"http://loinc.org"}]}],"custodian":{"reference":"Organization/100026938"},"date":"2026-03-09T15:14:23+07:00","encounter":{"display":
[2026-04-28 17:14:47] OK no_rawat=2026/03/07/000114 tanggal=2026-03-09 15:14:23 id_diet=65529585-11a6-4e4d-9e5a-3cfc5343a07f
[2026-04-28 17:14:48] WARN no_rawat=2026/03/06/000141 IHS kosong untuk LIA AGUSTIN, mencoba auto-sync...
[2026-04-28 17:14:48] OK auto-sync IHS no_rkm=113393 ihs=P00448437089
[2026-04-28 17:14:48] SEND no_rawat=2026/03/06/000141 tanggal=2026-03-07 11:32:07 instruksi=Diberikan DIET MB TKTP
[2026-04-28 17:14:49] RESPONSE HTTP=201 BODY={"author":[{"display":"Hasnarianti Ramadhani, S.Tr.Gz","reference":"Practitioner/10016973578"}],"category":[{"coding":[{"code":"LP173421-1","display":"Report","system":"http://loinc.org"}]}],"custodian":{"reference":"Organization/100026938"},"date":"2026-03-07T11:32:07+07:00","encounter":{"display":
[2026-04-28 17:14:49] OK no_rawat=2026/03/06/000141 tanggal=2026-03-07 11:32:07 id_diet=a307ab51-602a-4c0f-b62b-54788f8a67ad
[2026-04-28 17:14:52] ERROR no_rawat=2026/03/05/000173 tanggal=2026-03-06 15:16:52 Data tidak ditemukan
[2026-04-28 17:14:53] WARN no_rawat=2026/03/04/000190 IHS kosong untuk JONATAN NOVALINO DAMANIK, mencoba auto-sync...
[2026-04-28 17:14:54] OK auto-sync IHS no_rkm=084365 ihs=P10790689144
[2026-04-28 17:14:54] SEND no_rawat=2026/03/04/000190 tanggal=2026-03-05 15:50:22 instruksi=Diberikan diet MB
[2026-04-28 17:14:54] RESPONSE HTTP=201 BODY={"author":[{"display":"Hasnarianti Ramadhani, S.Tr.Gz","reference":"Practitioner/10016973578"}],"category":[{"coding":[{"code":"LP173421-1","display":"Report","system":"http://loinc.org"}]}],"custodian":{"reference":"Organization/100026938"},"date":"2026-03-05T15:50:22+07:00","encounter":{"display":
[2026-04-28 17:14:54] OK no_rawat=2026/03/04/000190 tanggal=2026-03-05 15:50:22 id_diet=56c706d8-d1c4-439e-ae15-b886a8c72725
[2026-04-28 17:14:55] ERROR no_rawat=2026/03/03/000102 tanggal=2026-03-04 15:26:14 Data tidak ditemukan
[2026-04-28 17:14:57] WARN no_rawat=2026/03/03/000186 IHS kosong untuk JENI MARDIANA, mencoba auto-sync...
[2026-04-28 17:14:57] OK auto-sync IHS no_rkm=113283 ihs=P01816482800
[2026-04-28 17:14:57] SEND no_rawat=2026/03/03/000186 tanggal=2026-03-04 11:44:15 instruksi=Diberikan diet lambung
[2026-04-28 17:14:57] RESPONSE HTTP=201 BODY={"author":[{"display":"Hasnarianti Ramadhani, S.Tr.Gz","reference":"Practitioner/10016973578"}],"category":[{"coding":[{"code":"LP173421-1","display":"Report","system":"http://loinc.org"}]}],"custodian":{"reference":"Organization/100026938"},"date":"2026-03-04T11:44:15+07:00","encounter":{"display":
[2026-04-28 17:14:57] OK no_rawat=2026/03/03/000186 tanggal=2026-03-04 11:44:15 id_diet=faea0da2-adc7-4a18-8503-46ddf894df44
[2026-04-28 17:14:58] ERROR no_rawat=2026/03/02/000167 tanggal=2026-03-04 11:51:06 Data tidak ditemukan
[2026-04-28 17:15:01] WARN no_rawat=2026/03/01/000025 IHS kosong untuk ZAHARA JUNITA, mencoba auto-sync...
[2026-04-28 17:15:01] OK auto-sync IHS no_rkm=113175 ihs=P00503007350
[2026-04-28 17:15:01] SEND no_rawat=2026/03/01/000025 tanggal=2026-03-02 14:57:00 instruksi=Diberikan diet lambung
[2026-04-28 17:15:01] RESPONSE HTTP=201 BODY={"author":[{"display":"Hasnarianti Ramadhani, S.Tr.Gz","reference":"Practitioner/10016973578"}],"category":[{"coding":[{"code":"LP173421-1","display":"Report","system":"http://loinc.org"}]}],"custodian":{"reference":"Organization/100026938"},"date":"2026-03-02T14:57:00+07:00","encounter":{"display":
[2026-04-28 17:15:01] OK no_rawat=2026/03/01/000025 tanggal=2026-03-02 14:57:00 id_diet=60ca2871-0610-4663-abf6-9da42f8e20e2
[2026-04-28 17:15:02] KIRIM_SEMUA tgl=2026-02-28/2026-03-30 total=1 ok=1 gagal=0
[2026-04-28 17:15:05] ERROR no_rawat=2026/03/03/000102 tanggal=2026-03-04 15:26:14 Data tidak ditemukan
[2026-04-28 17:15:08] ERROR no_rawat=2026/03/02/000167 tanggal=2026-03-04 11:51:06 Data tidak ditemukan
[2026-04-28 17:18:37] ERROR no_rawat=2026/04/20/000071 tanggal=2026-04-21 15:38:46 Data tidak ditemukan
