[2026-04-28 11:52:00] OK no_rkm=111563 nik=1502081212750003 ihs=P01495828722 nm=AGUSTINUS IRWANTO
[2026-04-28 11:52:00] OK no_rkm=109463 nik=1219030310540002 ihs=P01808409906 nm=ALADDIN SITORUS
[2026-04-28 11:52:03] OK no_rkm=115653 nik=1508160602820002 ihs=P01418469916 nm=AMRIZAL
[2026-04-28 11:52:05] EXCEPTION sync_semua: SQLSTATE[42000]: Syntax error or access violation: 1064 You have an error in your SQL syntax; check the manual that corresponds to your MySQL server version for the right syntax to use near ''20'' at line 13
[2026-04-28 11:53:53] OK no_rkm=102383 nik=1502010304640002 ihs=P01325215777 nm=JAMALUDDIN
[2026-04-28 11:53:53] OK no_rkm=054047 nik=1401191201620002 ihs=P01014664528 nm=SUROSO
[2026-04-28 11:53:54] OK no_rkm=107062 nik=1508084107660009 ihs=P01385840083 nm=NURLELA
[2026-04-28 11:53:54] OK no_rkm=014946 nik=1508016612630001 ihs=P08881086406 nm=NURIYA WATI
[2026-04-28 11:53:54] NOT_FOUND no_rkm=084785 nik=1508050504760001 nm=SUDIRMAN
[2026-04-28 11:53:55] OK no_rkm=025836 nik=1508164611660001 ihs=P01235651963 nm=BRISLI MINGGARIA
[2026-04-28 11:53:55] OK no_rkm=033249 nik=1508043010730001 ihs=P00555816905 nm=RUSLI
[2026-04-28 11:53:56] OK no_rkm=085587 nik=1508090101590003 ihs=P00815429335 nm=LAMIJAN
[2026-04-28 11:53:56] OK no_rkm=104523 nik=1502101903600002 ihs=P02252146624 nm=HAPIDIN
[2026-04-28 11:53:57] OK no_rkm=006176 nik=1508055108870003 ihs=P03103165518 nm=SITI PATIMAH
[2026-04-28 11:53:57] OK no_rkm=033614 nik=1502020404640005 ihs=P01609542597 nm=LION MARBUN
[2026-04-28 11:53:58] OK no_rkm=087707 nik=1508124105720002 ihs=P00583712054 nm=MERI HARTATI
[2026-04-28 11:53:58] OK no_rkm=109644 nik=1508091102760001 ihs=P00890411446 nm=JUMARNO ARBIE
[2026-04-28 11:53:59] OK no_rkm=101288 nik=1671072812520004 ihs=P02501932676 nm=ARBEN SELEBES
[2026-04-28 11:54:00] NOT_FOUND no_rkm=060890 nik=1508121808800003 nm=BUSTAMI
[2026-04-28 11:54:00] NOT_FOUND no_rkm=037523 nik=1508110704630001 nm=MUSRI. HS
[2026-04-28 11:54:00] OK no_rkm=109593 nik=1509041608590005 ihs=P00447965415 nm=JUSTIN SITUMORANG
[2026-04-28 11:54:01] OK no_rkm=104629 nik=1508095007640001 ihs=P02535117918 nm=SURATI
[2026-04-28 11:54:01] OK no_rkm=027878 nik=1508151011650001 ihs=P01655928985 nm=TARMIZI
[2026-04-28 11:54:02] OK no_rkm=115038 nik=1508071205920001 ihs=P01970730121 nm=MUSLIM
[2026-04-28 11:54:02] SYNC_SEMUA total=20 ok=17 tidak=3 error=0 sisa=33
[2026-04-28 11:54:03] OK no_rkm=067955 nik=6201022001760006 ihs=P01763416347 nm=SUYANA
[2026-04-28 11:54:03] OK no_rkm=013885 nik=1508096712580001 ihs=P00730933229 nm=SUDARMI
[2026-04-28 11:54:04] OK no_rkm=102357 nik=1508096404630002 ihs=P02344580614 nm=PAYEM
[2026-04-28 11:54:04] OK no_rkm=081833 nik=1508032509510002 ihs=P01756310016 nm=SAMSIR ABBAS
[2026-04-28 11:54:05] OK no_rkm=090745 nik=1508136712790003 ihs=P00323911199 nm=SRI WINARNI
[2026-04-28 11:54:05] OK no_rkm=042049 nik=1508136505070001 ihs=P00466047552 nm=VIONA ADELIA
[2026-04-28 11:54:06] OK no_rkm=113660 nik=1508154107750001 ihs=P00843459234 nm=MURSINEM
[2026-04-28 11:54:06] OK no_rkm=025370 nik=1508095012650003 ihs=P00871643560 nm=NUR HALINI
[2026-04-28 11:54:07] OK no_rkm=115620 nik=1310035008770004 ihs=P01205229384 nm=UMIATI
[2026-04-28 11:54:07] OK no_rkm=115298 nik=1508021609080001 ihs=P02508857643 nm=HAIRUL ATASI
[2026-04-28 11:54:07] OK no_rkm=112081 nik=1508120107570001 ihs=P00998370857 nm=FAHMI
[2026-04-28 11:54:08] OK no_rkm=034370 nik=1509085408750001 ihs=P02503548874 nm=ELVI SYASRIANTI PASARIBU
[2026-04-28 11:54:08] OK no_rkm=065548 nik=1508065707040001 ihs=P01684874256 nm=NURSIAH
[2026-04-28 11:54:09] OK no_rkm=114387 nik=1508086408790001 ihs=P00743097190 nm=SITI AISYAH
[2026-04-28 11:54:09] OK no_rkm=075110 nik=1306025403800001 ihs=P00995193970 nm=MERI RAHMIWATI
[2026-04-28 11:54:10] OK no_rkm=113677 nik=1502055210570001 ihs=P02532091726 nm=NIRMAWATI
[2026-04-28 11:54:10] OK no_rkm=054215 nik=1509045812510001 ihs=P00274468198 nm=DAHLIA
[2026-04-28 11:54:11] OK no_rkm=114164 nik=1508044101690010 ihs=P00261301557 nm=DARATUL BAIDAH
[2026-04-28 11:54:11] OK no_rkm=111605 nik=1508072110650001 ihs=P02760640795 nm=BUSTAMI
[2026-04-28 11:54:12] OK no_rkm=114080 nik=1508144211670001 ihs=P00616753130 nm=JUNARIAH
[2026-04-28 11:54:12] SYNC_SEMUA total=20 ok=20 tidak=0 error=0 sisa=13
[2026-04-28 11:54:13] OK no_rkm=048566 nik=1508034609590001 ihs=P02517203539 nm=NURLIAN
[2026-04-28 11:54:13] OK no_rkm=115647 nik=1508134405740001 ihs=P00615175730 nm=WARTINI
[2026-04-28 11:54:14] OK no_rkm=054118 nik=1508124512970001 ihs=P01425676103 nm=SRI RATNA NINGSIH
[2026-04-28 11:54:14] OK no_rkm=076573 nik=1508064507670002 ihs=P01563048383 nm=SITI AISYAH
[2026-04-28 11:54:14] OK no_rkm=115652 nik=1508164107750021 ihs=P02073544962 nm=MASITAH
[2026-04-28 11:54:15] OK no_rkm=106323 nik=1508036212730001 ihs=P05522125985 nm=EVI SAKDIAH
[2026-04-28 11:54:15] OK no_rkm=115659 nik=1508111202180001 ihs=P02442473665 nm=RAIHAN PEBRIANSYAH
[2026-04-28 11:54:16] OK no_rkm=060396 nik=1508054607100003 ihs=P03041840303 nm=JULIANI
[2026-04-28 11:54:16] OK no_rkm=112814 nik=1508144806820001 ihs=P00865564530 nm=RUMI
[2026-04-28 11:54:17] OK no_rkm=070633 nik=1508115611670001 ihs=P02200144289 nm=NUR TRI MURNI
[2026-04-28 11:54:17] OK no_rkm=114589 nik=1508050409820001 ihs=P01157454937 nm=YUNASRI
[2026-04-28 11:54:18] OK no_rkm=115413 nik=1508126707970002 ihs=P02397162104 nm=BAYI NYONYA NAZILA
[2026-04-28 11:54:18] OK no_rkm=112957 nik=1508063012760001 ihs=P00012088516 nm=MARZUKI. S
[2026-04-28 11:54:18] SYNC_SEMUA total=13 ok=13 tidak=0 error=0 sisa=0
[2026-04-28 13:18:27] OK no_rkm=115703 nik=1509041301060002 ihs=P01127140673 nm=MUHAMMAT JAILANI
[2026-04-28 13:18:28] OK no_rkm=032849 nik=1508135510810001 ihs=P01026793974 nm=SUR YANTI
[2026-04-28 13:18:33] NOT_FOUND no_rkm=098846 nik=9999999999999999 nm=RAIS DARMAN KAIZANU
[2026-04-28 13:18:42] OK no_rkm=048476 nik=1310034909620001 ihs=P02019202550 nm=KARNIATI
[2026-04-28 13:18:44] NOT_FOUND no_rkm=037523 nik=1508110704630001 nm=MUSRI. HS
[2026-04-28 13:18:50] NOT_FOUND no_rkm=060890 nik=1508121808800003 nm=BUSTAMI
[2026-04-28 13:18:52] NOT_FOUND no_rkm=084785 nik=1508050504760001 nm=SUDIRMAN
[2026-04-28 13:18:57] OK no_rkm=027962 nik=1509084908990001 ihs=P00375832352 nm=TRININGSIH
[2026-04-28 13:18:58] OK no_rkm=018340 nik=1508124501950001 ihs=P01412505000 nm=RIKA IRAWAN
[2026-04-28 13:19:01] NOT_FOUND no_rkm=115559 nik=1508122801250001 nm=MUHAMMAD ARVIANSYAH
[2026-04-28 13:28:24] OK no_rkm=115609 nik=1671081409140005 ihs=P00325387335 nm=RAFARDHAN KHALFANI DARMAWANTO
[2026-04-28 13:28:25] OK no_rkm=004653 nik=1508035903870001 ihs=P02047864184 nm=DIAN AYU MARETA
[2026-04-28 13:28:27] NOT_FOUND no_rkm=070489 nik=1508164109230001 nm=KHALISYA AZKIYA HUDRI
[2026-04-28 13:28:28] OK no_rkm=115595 nik=1508080808050003 ihs=P01987855015 nm=SON NAJMI
[2026-04-28 13:28:29] OK no_rkm=115593 nik=1508080104050001 ihs=P00327368285 nm=APRIYADI
[2026-04-28 13:28:30] NOT_FOUND no_rkm=089929 nik=1508106506230002 nm=FAZILA QIARA ANDITA
[2026-04-28 13:28:31] OK no_rkm=079439 nik=1508122303000001 ihs=P01361885008 nm=GIVEN BIORETSON SIANTURI
[2026-04-28 13:28:37] OK no_rkm=086115 nik=1205041509930004 ihs=P02380745264 nm=JUNA SURBAKTI
[2026-04-28 13:28:37] SYNC_SEMUA total=1 ok=1 tidak=0 error=0 sisa=0
[2026-04-28 13:28:50] OK no_rkm=014120 nik=1508097112580001 ihs=P00773853228 nm=DARNIYATI
[2026-04-28 13:28:50] OK no_rkm=051139 nik=1509084202560001 ihs=P01868365461 nm=TURIYAH
[2026-04-28 13:28:51] NOT_FOUND no_rkm=037383 nik=1509046405990001 nm=INDAH PERMATA DEWI
[2026-04-28 13:28:51] OK no_rkm=083105 nik=1508126201030002 ihs=P01585060827 nm=ASIH NORHOIRIAH ZAIYANI
[2026-04-28 13:28:51] NOT_FOUND no_rkm=109727 nik=1508092011250001 nm=IZZAM ZAFAR SHADIQ
[2026-04-28 13:28:52] OK no_rkm=104503 nik=1508141803200001 ihs=P10913387389 nm=AHMAD SAID ALFAKHRI
[2026-04-28 13:28:52] OK no_rkm=044841 nik=1508016308890003 ihs=P00367447992 nm=ROSNITA
[2026-04-28 13:28:53] OK no_rkm=081711 nik=1508071107650001 ihs=P01791892686 nm=CARNO
[2026-04-28 13:28:53] OK no_rkm=049888 nik=3327085502570021 ihs=P02028746474 nm=RUSMI
[2026-04-28 13:28:54] OK no_rkm=115145 nik=1509012001130006 ihs=P01575765477 nm=DAREL ZIGGY ABIYYU
[2026-04-28 13:28:54] NOT_FOUND no_rkm=023037 nik=1508114206650001 nm=MAIMUNAH
[2026-04-28 13:28:55] NOT_FOUND no_rkm=095298 nik=1508062102250001 nm=RAFAIZAN MUHAMMAD AL AMIN
[2026-04-28 13:28:55] OK no_rkm=105319 nik=1508034410730001 ihs=P01056559524 nm=GUSNIATI. K
[2026-04-28 13:28:55] OK no_rkm=115592 nik=1508115905910001 ihs=P00225632893 nm=IIN RIYANA
[2026-04-28 13:28:56] OK no_rkm=115594 nik=1508035104980001 ihs=P00555751978 nm=PUTI NABILA SARI
[2026-04-28 13:28:56] OK no_rkm=108235 nik=1508051507530001 ihs=P00838572784 nm=M. YUNUS. T
[2026-04-28 13:28:57] NOT_FOUND no_rkm=040851 nik=1508034505680002 nm=SITI HABSAH
[2026-04-28 13:28:57] OK no_rkm=067503 nik=1508035111540001 ihs=P01148597210 nm=SYAMSIDAR
[2026-04-28 13:28:57] OK no_rkm=112297 nik=1508066308070001 ihs=P01191738632 nm=DEA GUSTRIANI
[2026-04-28 13:28:58] OK no_rkm=115622 nik=1310045406620001 ihs=P01497725208 nm=SRI FATMAWATI
[2026-04-28 13:28:58] SYNC_SEMUA total=20 ok=15 tidak=5 error=0 sisa=22
[2026-04-28 13:28:59] OK no_rkm=115623 nik=1508045612750002 ihs=P02529462959 nm=NOURMAINI
[2026-04-28 13:28:59] OK no_rkm=076810 nik=1509044406840006 ihs=P01340415395 nm=SRI WAHYUTI
[2026-04-28 13:29:00] NOT_FOUND no_rkm=115624 nik=1508040101690002 nm=SYAMSUR
[2026-04-28 13:29:00] OK no_rkm=115625 nik=1508046306740001 ihs=P00391932573 nm=FITMA WATI
[2026-04-28 13:29:01] OK no_rkm=115626 nik=1508044706730001 ihs=P02142390416 nm=SITI HALIMAH
[2026-04-28 13:29:01] OK no_rkm=115627 nik=1509060806820002 ihs=P00213550039 nm=AMZA
[2026-04-28 13:29:02] OK no_rkm=115628 nik=1509044912040002 ihs=P00037520448 nm=PUTRI LIRA
[2026-04-28 13:29:02] NOT_FOUND no_rkm=111181 nik=1508174107980001 nm=SITI MASITOH
[2026-04-28 13:29:02] OK no_rkm=087803 nik=1509082010690002 ihs=P01881503305 nm=ZULPIKAR TAMBUNAN
[2026-04-28 13:29:03] OK no_rkm=025946 nik=1508060709650001 ihs=P00088215467 nm=DAILAMI
[2026-04-28 13:29:03] OK no_rkm=042673 nik=1508125801680001 ihs=P10991223746 nm=MAWARNI
[2026-04-28 13:29:04] OK no_rkm=115641 nik=1508063010130001 ihs=P00182365317 nm=MUHAMMAD RIJAL
[2026-04-28 13:29:04] OK no_rkm=115643 nik=1508125302860003 ihs=P00807125220 nm=SITI DINIATI
[2026-04-28 13:29:05] OK no_rkm=115645 nik=1508126704090001 ihs=P02523472844 nm=USWATUN HASANAH
[2026-04-28 13:29:05] OK no_rkm=063928 nik=1373021508170001 ihs=P01569982962 nm=RENDY ALFARIZI SHAGUFTA
[2026-04-28 13:29:06] OK no_rkm=065220 nik=1508162405610001 ihs=P00838126297 nm=HASAN A. RONI
[2026-04-28 13:29:06] OK no_rkm=034228 nik=1371072611080002 ihs=P01807581049 nm=FADILLAH AR-ROFIQ
[2026-04-28 13:29:07] OK no_rkm=033303 nik=1508164107690006 ihs=P05254853554 nm=HALIMAH
[2026-04-28 13:29:07] OK no_rkm=045592 nik=1508016706960002 ihs=P01578112396 nm=LELI SURYANI
[2026-04-28 13:29:07] NOT_FOUND no_rkm=004406 nik=1508035212630002 nm=MISTINAR
[2026-04-28 13:29:08] SYNC_SEMUA total=20 ok=17 tidak=3 error=0 sisa=2
[2026-04-28 13:29:08] NOT_FOUND no_rkm=115564 nik=1508124209640001 nm=ROSMAWATI
[2026-04-28 13:29:09] OK no_rkm=115614 nik=1508060402860001 ihs=P02332484883 nm=SITI HADIJAH
[2026-04-28 13:29:09] SYNC_SEMUA total=2 ok=1 tidak=1 error=0 sisa=0
[2026-04-28 13:29:19] NOT_FOUND no_rkm=115624 nik=1508040101690002 nm=SYAMSUR
[2026-04-28 13:33:59] OK no_rkm=115687 nik=1508064104070003 ihs=P00077759081 nm=WINDA PRAMULIA
[2026-04-28 13:34:00] NOT_FOUND no_rkm=052060 nik=1508116005960002 nm=TRI SUNTARI
[2026-04-28 13:34:06] NOT_FOUND no_rkm=052060 nik=1508116005960002 nm=TRI SUNTARI
[2026-04-28 13:35:00] NOT_FOUND no_rkm=052060 nik=1508116005960002 nm=TRI SUNTARI
[2026-04-28 13:35:43] OK no_rkm=084508 nik=1222054611010003 ihs=P00392748571 nm=VEVIL RAMAYANTI
[2026-04-28 13:35:44] OK no_rkm=084508 nik=1222054611010003 ihs=P00392748571 nm=VEVIL RAMAYANTI
[2026-04-28 13:35:44] OK no_rkm=084508 nik=1222054611010003 ihs=P00392748571 nm=VEVIL RAMAYANTI
[2026-04-28 13:35:45] OK no_rkm=084508 nik=1222054611010003 ihs=P00392748571 nm=VEVIL RAMAYANTI
[2026-04-28 13:40:58] NOT_FOUND no_rkm=098846 nik=9999999999999999 nm=RAIS DARMAN KAIZANU
[2026-04-28 13:40:59] NOT_FOUND no_rkm=115686 nik=9999999999999999 nm=ABIL SIDIQARSALAAH
[2026-04-28 13:42:10] OK no_rkm=115599 nik=1310034404980005 ihs=P00557722288 nm=CICI INDAH RISKA
[2026-04-28 13:42:11] OK no_rkm=115599 nik=1310034404980005 ihs=P00557722288 nm=CICI INDAH RISKA
[2026-04-28 13:42:12] OK no_rkm=115599 nik=1310034404980005 ihs=P00557722288 nm=CICI INDAH RISKA
[2026-04-28 13:43:03] NOT_FOUND no_rkm=114537 nik=1572045701880001 nm=LISA JIHAN
[2026-04-28 13:43:04] NOT_FOUND no_rkm=115166 nik=1502055010010004 nm=ANI SORAYA
[2026-04-28 13:43:10] NOT_FOUND no_rkm=115166 nik=1502055010010004 nm=ANI SORAYA
[2026-04-28 13:43:12] NOT_FOUND no_rkm=115166 nik=1502055010010004 nm=ANI SORAYA
[2026-04-28 13:43:13] NOT_FOUND no_rkm=115166 nik=1502055010010004 nm=ANI SORAYA
[2026-04-28 14:05:30] NOT_FOUND no_rkm=115686 nik=9999999999999999 nm=ABIL SIDIQARSALAAH
[2026-04-28 14:05:32] NOT_FOUND no_rkm=098846 nik=9999999999999999 nm=RAIS DARMAN KAIZANU
[2026-04-28 14:06:34] OK no_rkm=021202 nik=1503056312930006 ihs=P00835286925 nm=SITI SAKMA
[2026-04-28 14:06:34] OK no_rkm=115344 nik=3601020604860001 ihs=P01121553056 nm=SUPRANA
[2026-04-28 14:06:35] OK no_rkm=003488 nik=1508116911890001 ihs=P02365269049 nm=dr. VENNY PERMITA RATI
[2026-04-28 14:06:35] OK no_rkm=045821 nik=1303085904850002 ihs=P01219031658 nm=DIANA OLENSIA
[2026-04-28 14:06:35] OK no_rkm=115380 nik=1508065607661001 ihs=P03624753596 nm=SITI FATIMAH
[2026-04-28 14:06:36] OK no_rkm=115381 nik=1508062004591001 ihs=P01818687909 nm=ZULMAN
[2026-04-28 14:06:36] OK no_rkm=099967 nik=1508110103630001 ihs=P01444795010 nm=SULAIMAN
[2026-04-28 14:06:37] OK no_rkm=115385 nik=1508125907660001 ihs=P01428800081 nm=ERITA NOPIANTI
[2026-04-28 14:06:37] OK no_rkm=115386 nik=1508123112690001 ihs=P02095696925 nm=SUBHAN
[2026-04-28 14:06:38] OK no_rkm=032567 nik=1508121107700002 ihs=P00053980908 nm=MUSLIM
[2026-04-28 14:06:38] OK no_rkm=115400 nik=1508135003520001 ihs=P00801408219 nm=MARDIANA
[2026-04-28 14:06:38] OK no_rkm=000934 nik=1508154108900001 ihs=P01611777957 nm=RIZA LESTARI
[2026-04-28 14:06:39] NOT_FOUND no_rkm=115404 nik=1509041712680002 nm=BONI CHAN
[2026-04-28 14:06:39] OK no_rkm=018297 nik=1508127005920001 ihs=P02473555518 nm=KHOLISAH
[2026-04-28 14:06:40] NOT_FOUND no_rkm=023285 nik=1508036008030001 nm=AZZAHRA DWI AGUSTINA
[2026-04-28 14:06:40] OK no_rkm=113555 nik=1671091703000004 ihs=P01089728404 nm=DANDI ARIANSAH
[2026-04-28 14:06:41] OK no_rkm=102233 nik=1403132705920005 ihs=P00128664879 nm=PARHASUHUTAN SARAGIH
[2026-04-28 14:06:41] OK no_rkm=018294 nik=1508024104980002 ihs=P01095500143 nm=ASMIRA
[2026-04-28 14:06:41] OK no_rkm=049476 nik=1508121406220001 ihs=P10408801014 nm=MUHAMMAD KHABIB NAUFAL
[2026-04-28 14:06:42] OK no_rkm=085494 nik=1509086610640001 ihs=P01152492562 nm=SUPARNI
[2026-04-28 14:06:42] SYNC_SEMUA total=20 ok=18 tidak=2 error=0 sisa=494
[2026-04-28 14:06:43] OK no_rkm=102000 nik=1508084101490002 ihs=P00049905228 nm=MAIMUNAH
[2026-04-28 14:06:43] OK no_rkm=094457 nik=1508061808850001 ihs=P01317685770 nm=EKO ZULFI HENDRA
[2026-04-28 14:06:44] OK no_rkm=007665 nik=1508090103440001 ihs=P01700989792 nm=MASHURI
[2026-04-28 14:06:44] OK no_rkm=064053 nik=1508062012580001 ihs=P02049791468 nm=KOMARUDIN
[2026-04-28 14:06:45] OK no_rkm=018607 nik=1508074704980001 ihs=P01781308288 nm=MARIYANTI
[2026-04-28 14:06:45] OK no_rkm=026838 nik=1509034910980001 ihs=P05335268177 nm=MIFTAHUL JANNAH
[2026-04-28 14:06:45] NOT_FOUND no_rkm=111960 nik=1508022006620001 nm=SUPARDI
[2026-04-28 14:06:46] OK no_rkm=114942 nik=1508152605740001 ihs=P02325552303 nm=HERDI
[2026-04-28 14:06:46] OK no_rkm=018281 nik=1508121012780001 ihs=P00512879468 nm=ABDUL RAHMAN
[2026-04-28 14:06:47] OK no_rkm=114856 nik=1508045509980001 ihs=P00715389983 nm=BAYI 1 NYONYA EVRINA YOLANDA
[2026-04-28 14:06:47] OK no_rkm=114857 nik=1508045509980001 ihs=P00715389983 nm=BAYI 2 NYONYA EVRINA YOLANDA
[2026-04-28 14:06:48] OK no_rkm=016031 nik=1502145803830002 ihs=P00001084522 nm=SUTARTI
[2026-04-28 14:06:48] OK no_rkm=109221 nik=1508080107581002 ihs=P00863714505 nm=MUTAHIR
[2026-04-28 14:06:48] OK no_rkm=114934 nik=1509084807660001 ihs=P00641581444 nm=KATIJEM
[2026-04-28 14:06:49] OK no_rkm=114376 nik=1211095405690001 ihs=P10948348887 nm=MASTIUR SINAGA
[2026-04-28 14:06:49] OK no_rkm=114843 nik=1508032008570001 ihs=P01743763101 nm=GUSTA PERI
[2026-04-28 14:06:50] OK no_rkm=114964 nik=1508052110150001 ihs=P08659091246 nm=M. AKRAM ZIYAD
[2026-04-28 14:06:50] OK no_rkm=090175 nik=1508094101610005 ihs=P02072984315 nm=INUS
[2026-04-28 14:06:50] OK no_rkm=085073 nik=1509044707700012 ihs=P02500897696 nm=DARMIMI
[2026-04-28 14:06:51] NOT_FOUND no_rkm=058591 nik=1508016408870001 nm=RISMAWATI
[2026-04-28 14:06:51] SYNC_SEMUA total=20 ok=18 tidak=2 error=0 sisa=474
[2026-04-28 14:06:52] OK no_rkm=113604   nik=3375016211970002 ihs=P00608014922 nm=BAYI NYONYA TRI RISQIYAH
[2026-04-28 14:06:53] OK no_rkm=046166 nik=1508111707630001 ihs=P02276715978 nm=JONALDI
[2026-04-28 14:06:53] OK no_rkm=098502 nik=1508124112520003 ihs=P02283591513 nm=ANI BR NAIBAHO
[2026-04-28 14:06:54] OK no_rkm=047964 nik=1508124101580011 ihs=P01866486794 nm=ROSNI
[2026-04-28 14:06:54] OK no_rkm=088560 nik=1508010701860002 ihs=P00148570507 nm=TOMI HENDRI
[2026-04-28 14:06:55] OK no_rkm=089683 nik=1509074303730007 ihs=P00178702540 nm=WARTINI
[2026-04-28 14:06:55] OK no_rkm=115042 nik=1508120510090001 ihs=P01253814924 nm=SULIWA ABI MANYU
[2026-04-28 14:06:55] OK no_rkm=043183 nik=1508055207940001 ihs=P06719756742 nm=SITI AMINAH
[2026-04-28 14:06:56] OK no_rkm=037306 nik=1508124505830001 ihs=P00680778465 nm=MAISURI
[2026-04-28 14:06:56] OK no_rkm=013560 nik=1508045608640001 ihs=P01138629498 nm=AGUSTINI
[2026-04-28 14:06:57] OK no_rkm=024757 nik=1508126705540001 ihs=P01483475622 nm=KARTINI SARAGIH
[2026-04-28 14:06:57] NOT_FOUND no_rkm=115368 nik=1508122909660002 nm=IRWANTO
[2026-04-28 14:06:57] OK no_rkm=072777 nik=1508051803670001 ihs=P00131023546 nm=M. BAHARI
[2026-04-28 14:06:58] OK no_rkm=115379 nik=1508112711730001 ihs=P00666717799 nm=EDI SANJAYA
[2026-04-28 14:06:58] OK no_rkm=099800 nik=1509046006210001 ihs=P10580978229 nm=NADHIFA ALMAIRA AZZAHRA
[2026-04-28 14:06:59] NOT_FOUND no_rkm=101642 nik=1509046503240002 nm=AFRIN ALMAYRA BUDIANTO
[2026-04-28 14:06:59] OK no_rkm=004442 nik=1508056304540001 ihs=P02084249487 nm=SAUJAH
[2026-04-28 14:07:00] OK no_rkm=013879 nik=1508124403720001 ihs=P08787651725 nm=ROSBIAH
[2026-04-28 14:07:00] OK no_rkm=115056 nik=1310031610760001 ihs=P01288552226 nm=AHMAD RONI
[2026-04-28 14:07:01] OK no_rkm=115019 nik=1508064903090002 ihs=P02273436874 nm=MAYA SETIA RAHAYU
[2026-04-28 14:07:01] SYNC_SEMUA total=20 ok=18 tidak=2 error=0 sisa=454
[2026-04-28 14:07:02] OK no_rkm=032835 nik=1508083112590003 ihs=P01717986236 nm=ZULKIFLI
[2026-04-28 14:07:02] OK no_rkm=115419 nik=1508131106840003 ihs=P00294975103 nm=DENY RAHMAT JHON SAPUTRA
[2026-04-28 14:07:03] OK no_rkm=115420 nik=1508035811860001 ihs=P01463024909 nm=SELLY MONALIZA
[2026-04-28 14:07:03] OK no_rkm=115423 nik=1508116303970003 ihs=P00547756605 nm=MERI OKTAVIANI
[2026-04-28 14:07:03] OK no_rkm=029506 nik=1508081809740001 ihs=P00241875445 nm=ANDA RUSSETIAWAN
[2026-04-28 14:07:04] OK no_rkm=114659 nik=1509022705970001 ihs=P02087223638 nm=MULYADI
[2026-04-28 14:07:04] OK no_rkm=107416 nik=1501171209240001 ihs=P10954948324 nm=MUHAMMAD ALVERO KINANDRA
[2026-04-28 14:07:05] OK no_rkm=012907 nik=1508137112540002 ihs=P01366286841 nm=YELMANETI
[2026-04-28 14:07:05] NOT_FOUND no_rkm=066108 nik=1508126110560001 nm=WAGIYEM
[2026-04-28 14:07:06] OK no_rkm=114590 nik=1508131101900002 ihs=P02095640007 nm=HENDRI JANJAB
[2026-04-28 14:07:06] OK no_rkm=115426 nik=1508112101700002 ihs=P01610565848 nm=ALFET RAYMON
[2026-04-28 14:07:06] OK no_rkm=114566 nik=1508144503020003 ihs=P00788301962 nm=ELA WULANDARI
[2026-04-28 14:07:07] OK no_rkm=040410 nik=6106012105940001 ihs=P01626133310 nm=HARRY ADHADI KESUMA
[2026-04-28 14:07:07] OK no_rkm=001154 nik=1508124606170001 ihs=P02352358155 nm=REVIKA RAMADHANI
[2026-04-28 14:07:08] OK no_rkm=024225 nik=1508126709980001 ihs=P01857150572 nm=LENI ASTUTI
[2026-04-28 14:07:08] NOT_FOUND no_rkm=092404 nik=1509046512240002 nm=RONATHALIA JOVANCA SIAHAAN
[2026-04-28 14:07:09] OK no_rkm=115008 nik=1508146012030001 ihs=P01123169470 nm=SAKINAH
[2026-04-28 14:07:09] OK no_rkm=114986 nik=1508131712050003 ihs=P00122590856 nm=HAIRUSSALAM FADDILAH
[2026-04-28 14:07:10] NOT_FOUND no_rkm=114646 nik=1310031608690009 nm=NYAMAN
[2026-04-28 14:07:10] OK no_rkm=114622 nik=1508051407790001 ihs=P01937538265 nm=EKO SUPRIYANTO
[2026-04-28 14:07:10] SYNC_SEMUA total=20 ok=17 tidak=3 error=0 sisa=434
[2026-04-28 14:07:11] OK no_rkm=105459 nik=1508094708090001 ihs=P01722912302 nm=RAHMA WULAN AGUSTIN
[2026-04-28 14:07:11] OK no_rkm=115431 nik=1508046204970001 ihs=P01487052732 nm=SITI SULEHA
[2026-04-28 14:07:12] OK no_rkm=091475 nik=1508131001930001 ihs=P00143877387 nm=dr. IQBAL MAULANA, Sp.P
[2026-04-28 14:07:12] OK no_rkm=115433 nik=1508073010910002 ihs=P01399491043 nm=ULIL KHOIROT
[2026-04-28 14:07:13] OK no_rkm=115434 nik=1508071411200001 ihs=P10772093886 nm=ABDILLAH IBNU KHALDUN
[2026-04-28 14:07:13] OK no_rkm=115437 nik=1508144608040002 ihs=P00669107293 nm=DESMI
[2026-04-28 14:07:14] NOT_FOUND no_rkm=115439 nik=1508065303260001 nm=NASYWA MARELLA RAMADHINA
[2026-04-28 14:07:14] OK no_rkm=020059 nik=1508031708800001 ihs=P00317187443 nm=INDANG SARBUNA
[2026-04-28 14:07:14] OK no_rkm=056026 nik=1508130702970001 ihs=P01954737600 nm=DEDE PURNOMO
[2026-04-28 14:07:15] OK no_rkm=030156 nik=1508025311580001 ihs=P02354692570 nm=HARTINI
[2026-04-28 14:07:15] OK no_rkm=115012 nik=1502154101590004 ihs=P00426953222 nm=SURATIN
[2026-04-28 14:07:16] OK no_rkm=064128 nik=1310031104720002 ihs=P00104202633 nm=MARIN
[2026-04-28 14:07:16] OK no_rkm=051290 nik=1301032709180004 ihs=P10519663731 nm=ALVINO DWI PUTRA
[2026-04-28 14:07:17] OK no_rkm=043974 nik=1508116104810002 ihs=P02226519340 nm=Helena Afriansih 
[2026-04-28 14:07:17] NOT_FOUND no_rkm=043840 nik=1508164612210001 nm=SITI AISYAH
[2026-04-28 14:07:17] OK no_rkm=097201 nik=1508050808820002 ihs=P00411785121 nm=JUPRI
[2026-04-28 14:07:18] NOT_FOUND no_rkm=110788 nik=1508091502250001 nm=MUHAMMAD ARKAN AL FATIH
[2026-04-28 14:07:18] OK no_rkm=066183 nik=1508023112500001 ihs=P00607490608 nm=A. ZAHRI
[2026-04-28 14:07:19] OK no_rkm=114183 nik=1508021803640001 ihs=P10405148507 nm=UMAR
[2026-04-28 14:07:19] OK no_rkm=115443 nik=1310030808840003 ihs=P01545826821 nm=JARWIYONO
[2026-04-28 14:07:19] SYNC_SEMUA total=20 ok=17 tidak=3 error=0 sisa=414
[2026-04-28 14:07:20] OK no_rkm=037328 nik=1508161912570001 ihs=P01012610422 nm=ARMAN DUYA
[2026-04-28 14:07:20] OK no_rkm=048072 nik=1508114401440001 ihs=P00371380700 nm=LASMI
[2026-04-28 14:07:21] OK no_rkm=041755 nik=1501176511980001 ihs=P00880118990 nm=SELLY MUTHIYA
[2026-04-28 14:07:21] OK no_rkm=114855 nik=1508045509980001 ihs=P00715389983 nm=EVRINA YOLANDA
[2026-04-28 14:07:22] NOT_FOUND no_rkm=066794 nik=1508175803200002 nm=AIRA SALSABILA 
[2026-04-28 14:07:22] OK no_rkm=069347 nik=1508094303210001 ihs=P10609753675 nm=ZUNAIRA ALESSIA IRLAN
[2026-04-28 14:07:23] NOT_FOUND no_rkm=073910 nik=1508031311220001 nm=MUHAMMAD KHALID
[2026-04-28 14:07:23] OK no_rkm=115448 nik=1508044806790002 ihs=P01050758207 nm=HERWATI
[2026-04-28 14:07:23] OK no_rkm=108003 nik=1508114107600027 ihs=P01353374170 nm=ASIAH
[2026-04-28 14:07:24] NOT_FOUND no_rkm=115449 nik=9999999999999999 nm=JENAIRA ALESHA IRLAN
[2026-04-28 14:07:24] OK no_rkm=058933 nik=1508077001130001 ihs=P08616091024 nm=NAJWA NAZHIFA EFENDI
[2026-04-28 14:07:25] OK no_rkm=115450 nik=1509092004700003 ihs=P02031440034 nm=SYAMSURI. AL
[2026-04-28 14:07:25] NOT_FOUND no_rkm=115451 nik=1508066105250001 nm=EIRENE CETTA SHEZANI 
[2026-04-28 14:07:25] NOT_FOUND no_rkm=115029 nik=1508026510050002 nm=BAYI NYONYA HERMALIA PUTRY
[2026-04-28 14:07:26] OK no_rkm=113656 nik=1509046801010002 ihs=P01405521041 nm=VERDAN PRATAMA
[2026-04-28 14:07:26] OK no_rkm=115059 nik=1508171402060001 ihs=P02292570819 nm=A. RIZKY KURNIAWAN
[2026-04-28 14:07:27] NOT_FOUND no_rkm=115454 nik=1509014909240001 nm=VYORA ORIEN ELISHEVA SIMANJUNTAK
[2026-04-28 14:07:27] OK no_rkm=106420 nik=1502191904690001 ihs=P00128401570 nm=SUHERMAN
[2026-04-28 14:07:28] NOT_FOUND no_rkm=115455 nik=1502196810250001 nm=KYARA JENNAIRA KENUKO
[2026-04-28 14:07:28] OK no_rkm=018347 nik=1508085304940001 ihs=P01869771414 nm=MAWARNA
[2026-04-28 14:07:28] SYNC_SEMUA total=20 ok=13 tidak=7 error=0 sisa=394
[2026-04-28 14:07:29] OK no_rkm=112709 nik=1508134707710004 ihs=P00300391484 nm=SUPRIATI
[2026-04-28 14:07:29] OK no_rkm=080047 nik=1508135102950001 ihs=P00995112066 nm=WIDYA PEBRIARTI
[2026-04-28 14:07:30] OK no_rkm=057511 nik=1509040404680010 ihs=P00100309179 nm=SUMINGKIR
[2026-04-28 14:07:30] OK no_rkm=114253 nik=1508170408760001 ihs=P00107015394 nm=HERMAN
[2026-04-28 14:07:31] OK no_rkm=009300 nik=1509085410880002 ihs=P02085651665 nm=ROHMI ANITA
[2026-04-28 14:07:31] OK no_rkm=090380 nik=1508086103560001 ihs=P01090764467 nm=ASNIAH
[2026-04-28 14:07:32] OK no_rkm=089616 nik=1508080804610001 ihs=P00413998171 nm=EFRIZON
[2026-04-28 14:07:32] OK no_rkm=115378 nik=1508092112740001 ihs=P00981023352 nm=EKO SARWANDI
[2026-04-28 14:07:32] OK no_rkm=105274 nik=1271096412830009 ihs=P01150596169 nm=ERWANI AMALIA
[2026-04-28 14:07:33] OK no_rkm=018355 nik=1508121902820001 ihs=P01523392246 nm=M. IDRIS
[2026-04-28 14:07:33] OK no_rkm=112384 nik=1509041601970004 ihs=P01899900414 nm=EVEL JULIANTO
[2026-04-28 14:07:34] OK no_rkm=107160 nik=1508095006610001 ihs=P00004018819 nm=NURLIS
[2026-04-28 14:07:34] NOT_FOUND no_rkm=043002 nik=1508064112681001 nm=FITRIANTI
[2026-04-28 14:07:35] OK no_rkm=104456 nik=1508065506580001 ihs=P01872173880 nm=JAMILAH
[2026-04-28 14:07:35] OK no_rkm=115067 nik=1508124503830001 ihs=P01243098545 nm=ASRI WARTINI
[2026-04-28 14:07:35] NOT_FOUND no_rkm=031244 nik=1507110810610001 nm=RADEN HERWIN SYUKRI
[2026-04-28 14:07:36] OK no_rkm=047246 nik=1508124309580001 ihs=P00626198230 nm=SUKIAH
[2026-04-28 14:07:36] OK no_rkm=079518 nik=1508125003570002 ihs=P00597316911 nm=NURMAULY. BR. PURBA
[2026-04-28 14:07:37] OK no_rkm=115430 nik=1508121605870002 ihs=P01005409788 nm=RIKO SAPUTRA
[2026-04-28 14:07:37] OK no_rkm=077404 nik=1508123012220001 ihs=P09748147812 nm=AL QORNI
[2026-04-28 14:07:37] SYNC_SEMUA total=20 ok=18 tidak=2 error=0 sisa=374
[2026-04-28 14:07:38] OK no_rkm=036937 nik=1508016208970001 ihs=P01876556727 nm=MURNI SETIAWATI
[2026-04-28 14:07:39] OK no_rkm=115444 nik=1508086608990001 ihs=P01276708521 nm=INA SENTIYA
[2026-04-28 14:07:39] OK no_rkm=115446 nik=1508025106010001 ihs=P02200201132 nm=NIA JUNIATI
[2026-04-28 14:07:40] OK no_rkm=035370 nik=1508102005720001 ihs=P01502079222 nm=RUSDI HARPENAS
[2026-04-28 14:07:40] OK no_rkm=115458 nik=1508044411860001 ihs=P01905658629 nm=ERNA KOMARISA
[2026-04-28 14:07:40] OK no_rkm=115459 nik=1508031110610001 ihs=P00751696965 nm=MUKHLIS
[2026-04-28 14:07:41] OK no_rkm=020845 nik=1508126005850001 ihs=P00477700735 nm=AZKALATIPAH
[2026-04-28 14:07:41] NOT_FOUND no_rkm=061380 nik=1508122002230001 nm=HATA ZAKIO
[2026-04-28 14:07:42] OK no_rkm=005554 nik=1508124405950001 ihs=P00508539502 nm=DESSY MARIA SAGALA
[2026-04-28 14:07:42] OK no_rkm=026969 nik=1508064104790005 ihs=P01784669062 nm=DESI
[2026-04-28 14:07:43] ERROR no_rkm=104648 nik=1508134407930002 msg=HTTP 429 saat cari NIK 1508134407930002
[2026-04-28 14:07:43] OK no_rkm=106964 nik=1508151212630001 ihs=P02554332168 nm=AHMAD
[2026-04-28 14:07:43] OK no_rkm=045706 nik=1508125211700001 ihs=P00549605143 nm=JUMJUMAH
[2026-04-28 14:07:44] ERROR no_rkm=003057 nik=1508124505630001 msg=HTTP 429 saat cari NIK 1508124505630001
[2026-04-28 14:07:44] OK no_rkm=089384 nik=1508164509720001 ihs=P00677883339 nm=HALIMATUN SAKDIAH
[2026-04-28 14:07:44] NOT_FOUND no_rkm=050492 nik=3278036208770001 nm=MULYATI
[2026-04-28 14:07:45] OK no_rkm=083274 nik=1508034106660002 ihs=P00413582204 nm=YUNITA ELFINA
[2026-04-28 14:07:45] OK no_rkm=114009 nik=1508094101670006 ihs=P01474537319 nm=PARYATUN
[2026-04-28 14:07:45] OK no_rkm=102026 nik=1502021505570002 ihs=P01720504620 nm=LAINUS ALI
[2026-04-28 14:07:46] OK no_rkm=114854 nik=1509122303570001 ihs=P01542925041 nm=PONIRAN
[2026-04-28 14:07:46] SYNC_SEMUA total=20 ok=16 tidak=2 error=2 sisa=356
[2026-04-28 14:07:50] OK no_rkm=026822 nik=1508122709570001 ihs=P00670771398 nm=A. NAINGGOLAN
[2026-04-28 14:07:51] OK no_rkm=090494 nik=1508081607630001 ihs=P00509777531 nm=ABD. MUIS
[2026-04-28 14:07:55] ERROR no_rkm=026979 nik=1508040108760002 msg=HTTP 429 saat cari NIK 1508040108760002
[2026-04-28 14:07:56] ERROR no_rkm=003655 nik=1508061911180001 msg=HTTP 429 saat cari NIK 1508061911180001
[2026-04-28 14:08:00] NOT_FOUND no_rkm=115472 nik=9999999999999999 nm=ABDUL MALIK
[2026-04-28 14:08:05] OK no_rkm=093363 nik=1508124101640012 ihs=P01286581972 nm=AZIZAH
[2026-04-28 14:08:06] OK no_rkm=016678 nik=1509067007990001 ihs=P00339905601 nm=AYU ASTARI
[2026-04-28 14:08:08] NOT_FOUND no_rkm=090602 nik=1508105411240001 nm=AZIZAH AMARA NASUTION
[2026-04-28 14:08:10] OK no_rkm=104648 nik=1508134407930002 ihs=P00870117694 nm=AYU WANDIRA
[2026-04-28 14:08:14] NOT_FOUND no_rkm=090602 nik=1508105411240001 nm=AZIZAH AMARA NASUTION
[2026-04-28 14:08:14] NOT_FOUND no_rkm=103166 nik=9999999999999999 nm=AZKARA ZIOFAN RINGGANA
[2026-04-28 14:08:15] NOT_FOUND no_rkm=112184 nik=1508114604250001 nm=AZKIYA AZZANI
[2026-04-28 14:08:16] OK no_rkm=030494 nik=1508126902760001 ihs=P01888297719 nm=AZRI YANTI
[2026-04-28 14:08:17] OK no_rkm=115579 nik=1508122509190001 ihs=P00066530447 nm=AZRIL RAIS
[2026-04-28 14:08:19] OK no_rkm=103406 nik=1508122602620001 ihs=P01617062222 nm=BAHMAN
[2026-04-28 14:08:19] OK no_rkm=019080 nik=1509041606640001 ihs=P01411195919 nm=BAHTIAR ARIFIN
[2026-04-28 14:08:20] OK no_rkm=097990 nik=1508041804680002 ihs=P00637915890 nm=BANDAR
[2026-04-28 14:08:20] OK no_rkm=009394 nik=1508111405630001 ihs=P01802576573 nm=BARLIAN
[2026-04-28 14:08:21] OK no_rkm=115307 nik=1508114312000002 ihs=P01594515260 nm=BAYI NYONYA DEVA SARI
[2026-04-28 14:09:13] NOT_FOUND no_rkm=115029 nik=1508026510050002 nm=BAYI NYONYA HERMALIA PUTRY
[2026-04-28 14:09:14] OK no_rkm=115004 nik=1508105507960001 ihs=P00184410580 nm=BAYI NYONYA JULITA AYU WULANDARI
[2026-04-28 14:09:15] OK no_rkm=115111 nik=1402084102890005 ihs=P00365959053 nm=BAYI NYONYA LENI
[2026-04-28 14:09:16] OK no_rkm=114613 nik=1508125010920003 ihs=P02551169856 nm=BAYI NYONYA ROINA
[2026-04-28 14:09:17] OK no_rkm=115417 nik=1509125011990002 ihs=P00781707071 nm=BAYI NYONYA YUVITA MAISAROH
[2026-04-28 14:09:17] OK no_rkm=115326 nik=1502156106950001 ihs=P00974856649 nm=BAYI NYONYA SUGIATI
[2026-04-28 16:59:37] NOT_FOUND no_rkm=115713 nik=9999999999999999 nm=MADINA AZZAHRA ZAHDANIA
[2026-04-28 16:59:40] OK no_rkm=115695 nik=1509124511500001 ihs=P01752774483 nm=SAYEM
[2026-04-28 16:59:48] OK no_rkm=011436 nik=1509125606200001 ihs=P10578134040 nm=SELINA MEISYA AZZAHRA
[2026-04-28 16:59:52] OK no_rkm=115711 nik=1508054104000001 ihs=P02071282885 nm=PIZA APRILIA
[2026-04-28 16:59:54] OK no_rkm=115710 nik=1508151907990002 ihs=P02068140167 nm=ARI WIRANDA
[2026-04-28 16:59:55] OK no_rkm=115708 nik=1508121603050001 ihs=P00020489014 nm=DID NAIDI
[2026-04-28 16:59:57] OK no_rkm=115705 nik=1303044111000002 ihs=P02300912096 nm=NOVIA DISWIL
[2026-04-28 16:59:58] OK no_rkm=115705 nik=1303044111000002 ihs=P02300912096 nm=NOVIA DISWIL
[2026-04-28 16:59:59] OK no_rkm=115704 nik=1501174801040003 ihs=P02003595875 nm=ANNISA DWI CITRA
[2026-04-28 17:00:01] OK no_rkm=038855 nik=1508126612920001 ihs=P01508367096 nm=dr. FATHIA DELIZA
[2026-04-28 17:00:03] NOT_FOUND no_rkm=115692 nik=1508064911250001 nm=FATIMAH MUAQILA PRAYOGI
[2026-04-28 17:00:10] NOT_FOUND no_rkm=098846 nik=9999999999999999 nm=RAIS DARMAN KAIZANU
[2026-04-28 17:00:14] NOT_FOUND no_rkm=115686 nik=9999999999999999 nm=ABIL SIDIQARSALAAH
[2026-04-28 17:00:19] OK no_rkm=085909 nik=1509070306660002 ihs=P00148408859 nm=MULYONO
[2026-04-28 17:00:24] NOT_FOUND no_rkm=115422 nik=1508080206030001 nm=ALVIN AL DHINO
[2026-04-28 17:00:42] NOT_FOUND no_rkm=037523 nik=1508110704630001 nm=MUSRI. HS
[2026-04-28 17:00:47] NOT_FOUND no_rkm=060890 nik=1508121808800003 nm=BUSTAMI
[2026-04-28 17:01:40] NOT_FOUND no_rkm=085689 nik=1611075212920001 nm=IDA RUSTI SARI
[2026-04-28 17:15:46] OK no_rkm=047454 nik=1502230809770002 ihs=P02283190689 nm=MUHAMMAD HADIS
[2026-04-28 17:15:47] NOT_FOUND no_rkm=081036 nik=1508102709230001 nm=AKSA SHARGA
[2026-04-28 17:15:48] OK no_rkm=113119 nik=1508015212690001 ihs=P02065762254 nm=SADIAH
[2026-04-28 17:16:18] NOT_FOUND no_rkm=081036 nik=1508102709230001 nm=AKSA SHARGA
[2026-04-28 17:26:29] NOT_FOUND no_rkm=113004 nik=1508124805690001 nm=SUHERNI
